# JRE version: OpenJDK Runtime Environment (8.0_252-b09) (build 1.8.0_252-8u252-b09-1~18.04-b09)
# Java VM: OpenJDK 64-Bit Server VM (25.252-b09 mixed mode linux-amd64 compressed oops)
Heap:
 PSYoungGen      total 208896K, used 154566K [0x00000000eab00000, 0x00000000fa680000, 0x0000000100000000)
  eden space 159232K, 97% used [0x00000000eab00000,0x00000000f41f1b70,0x00000000f4680000)
  from space 49664K, 0% used [0x00000000f7600000,0x00000000f7600000,0x00000000fa680000)
  to   space 48640K, 0% used [0x00000000f4680000,0x00000000f4680000,0x00000000f7600000)
 ParOldGen       total 594944K, used 581353K [0x00000000c0000000, 0x00000000e4500000, 0x00000000eab00000)
  object space 594944K, 97% used [0x00000000c0000000,0x00000000e37ba5a0,0x00000000e4500000)
 Metaspace       used 52612K, capacity 53156K, committed 53632K, reserved 1095680K
  class space    used 7032K, capacity 7169K, committed 7296K, reserved 1048576K
GC Heap History (10 events):
Event: 5470.832 GC heap before
{Heap before GC invocations=214 (full 146):
 PSYoungGen      total 208896K, used 155735K [0x00000000eab00000, 0x00000000fa680000, 0x0000000100000000)
  eden space 159232K, 97% used [0x00000000eab00000,0x00000000f4315ee0,0x00000000f4680000)
  from space 49664K, 0% used [0x00000000f7600000,0x00000000f7600000,0x00000000fa680000)
  to   space 48640K, 0% used [0x00000000f4680000,0x00000000f4680000,0x00000000f7600000)
 ParOldGen       total 699392K, used 624571K [0x00000000c0000000, 0x00000000eab00000, 0x00000000eab00000)
  object space 699392K, 89% used [0x00000000c0000000,0x00000000e61eec68,0x00000000eab00000)
 Metaspace       used 52181K, capacity 52548K, committed 53376K, reserved 1095680K
  class space    used 6979K, capacity 7079K, committed 7296K, reserved 1048576K
Event: 5470.847 GC heap after
Heap after GC invocations=214 (full 146):
 PSYoungGen      total 208896K, used 155735K [0x00000000eab00000, 0x00000000fa680000, 0x0000000100000000)
  eden space 159232K, 97% used [0x00000000eab00000,0x00000000f4315ee0,0x00000000f4680000)
  from space 49664K, 0% used [0x00000000f7600000,0x00000000f7600000,0x00000000fa680000)
  to   space 48640K, 0% used [0x00000000f4680000,0x00000000f46e8000,0x00000000f7600000)
 ParOldGen       total 699392K, used 624571K [0x00000000c0000000, 0x00000000eab00000, 0x00000000eab00000)
  object space 699392K, 89% used [0x00000000c0000000,0x00000000e61eec68,0x00000000eab00000)
 Metaspace       used 52181K, capacity 52548K, committed 53376K, reserved 1095680K
  class space    used 6979K, capacity 7079K, committed 7296K, reserved 1048576K
}
Event: 5470.847 GC heap before
{Heap before GC invocations=215 (full 147):
 PSYoungGen      total 208896K, used 155735K [0x00000000eab00000, 0x00000000fa680000, 0x0000000100000000)
  eden space 159232K, 97% used [0x00000000eab00000,0x00000000f4315ee0,0x00000000f4680000)
  from space 49664K, 0% used [0x00000000f7600000,0x00000000f7600000,0x00000000fa680000)
  to   space 48640K, 0% used [0x00000000f4680000,0x00000000f46e8000,0x00000000f7600000)
 ParOldGen       total 699392K, used 624571K [0x00000000c0000000, 0x00000000eab00000, 0x00000000eab00000)
  object space 699392K, 89% used [0x00000000c0000000,0x00000000e61eec68,0x00000000eab00000)
 Metaspace       used 52181K, capacity 52548K, committed 53376K, reserved 1095680K
  class space    used 6979K, capacity 7079K, committed 7296K, reserved 1048576K
Event: 5470.950 GC heap after
Heap after GC invocations=215 (full 147):
 PSYoungGen      total 208896K, used 0K [0x00000000eab00000, 0x00000000fa680000, 0x0000000100000000)
  eden space 159232K, 0% used [0x00000000eab00000,0x00000000eab00000,0x00000000f4680000)
  from space 49664K, 0% used [0x00000000f7600000,0x00000000f7600000,0x00000000fa680000)
  to   space 48640K, 0% used [0x00000000f4680000,0x00000000f4680000,0x00000000f7600000)
 ParOldGen       total 699392K, used 624045K [0x00000000c0000000, 0x00000000eab00000, 0x00000000eab00000)
  object space 699392K, 89% used [0x00000000c0000000,0x00000000e616b6b0,0x00000000eab00000)
 Metaspace       used 52181K, capacity 52548K, committed 53376K, reserved 1095680K
  class space    used 6979K, capacity 7079K, committed 7296K, reserved 1048576K
}
Event: 5471.090 GC heap before
{Heap before GC invocations=216 (full 148):
 PSYoungGen      total 208896K, used 159232K [0x00000000eab00000, 0x00000000fa680000, 0x0000000100000000)
  eden space 159232K, 100% used [0x00000000eab00000,0x00000000f4680000,0x00000000f4680000)
  from space 49664K, 0% used [0x00000000f7600000,0x00000000f7600000,0x00000000fa680000)
  to   space 48640K, 0% used [0x00000000f4680000,0x00000000f4680000,0x00000000f7600000)
 ParOldGen       total 699392K, used 675383K [0x00000000c0000000, 0x00000000eab00000, 0x00000000eab00000)
  object space 699392K, 96% used [0x00000000c0000000,0x00000000e938dc50,0x00000000eab00000)
 Metaspace       used 52287K, capacity 52716K, committed 53376K, reserved 1095680K
  class space    used 6995K, capacity 7107K, committed 7296K, reserved 1048576K
Event: 5471.220 GC heap after
Heap after GC invocations=216 (full 148):
 PSYoungGen      total 208896K, used 0K [0x00000000eab00000, 0x00000000fa680000, 0x0000000100000000)
  eden space 159232K, 0% used [0x00000000eab00000,0x00000000eab00000,0x00000000f4680000)
  from space 49664K, 0% used [0x00000000f7600000,0x00000000f7600000,0x00000000fa680000)
  to   space 48640K, 0% used [0x00000000f4680000,0x00000000f4680000,0x00000000f7600000)
 ParOldGen       total 699392K, used 683235K [0x00000000c0000000, 0x00000000eab00000, 0x00000000eab00000)
  object space 699392K, 97% used [0x00000000c0000000,0x00000000e9b38e50,0x00000000eab00000)
 Metaspace       used 52287K, capacity 52716K, committed 53376K, reserved 1095680K
  class space    used 6995K, capacity 7107K, committed 7296K, reserved 1048576K
}
Event: 5713.750 GC heap before
{Heap before GC invocations=217 (full 149):
 PSYoungGen      total 208896K, used 122867K [0x00000000eab00000, 0x00000000fa680000, 0x0000000100000000)
  eden space 159232K, 77% used [0x00000000eab00000,0x00000000f22fcec8,0x00000000f4680000)
  from space 49664K, 0% used [0x00000000f7600000,0x00000000f7600000,0x00000000fa680000)
  to   space 48640K, 0% used [0x00000000f4680000,0x00000000f4680000,0x00000000f7600000)
 ParOldGen       total 699392K, used 683235K [0x00000000c0000000, 0x00000000eab00000, 0x00000000eab00000)
  object space 699392K, 97% used [0x00000000c0000000,0x00000000e9b38e50,0x00000000eab00000)
 Metaspace       used 52571K, capacity 53140K, committed 53632K, reserved 1095680K
  class space    used 7030K, capacity 7167K, committed 7296K, reserved 1048576K
Event: 5714.221 GC heap after
Heap after GC invocations=217 (full 149):
 PSYoungGen      total 208896K, used 0K [0x00000000eab00000, 0x00000000fa680000, 0x0000000100000000)
  eden space 159232K, 0% used [0x00000000eab00000,0x00000000eab00000,0x00000000f4680000)
  from space 49664K, 0% used [0x00000000f7600000,0x00000000f7600000,0x00000000fa680000)
  to   space 48640K, 0% used [0x00000000f4680000,0x00000000f4680000,0x00000000f7600000)
 ParOldGen       total 640512K, used 327465K [0x00000000c0000000, 0x00000000e7180000, 0x00000000eab00000)
  object space 640512K, 51% used [0x00000000c0000000,0x00000000d3fca6a8,0x00000000e7180000)
 Metaspace       used 52567K, capacity 53134K, committed 53632K, reserved 1095680K
  class space    used 7030K, capacity 7166K, committed 7296K, reserved 1048576K
}
Event: 5714.463 GC heap before
{Heap before GC invocations=218 (full 150):
 PSYoungGen      total 208896K, used 159219K [0x00000000eab00000, 0x00000000fa680000, 0x0000000100000000)
  eden space 159232K, 99% used [0x00000000eab00000,0x00000000f467cf80,0x00000000f4680000)
  from space 49664K, 0% used [0x00000000f7600000,0x00000000f7600000,0x00000000fa680000)
  to   space 48640K, 0% used [0x00000000f4680000,0x00000000f4680000,0x00000000f7600000)
 ParOldGen       total 640512K, used 625885K [0x00000000c0000000, 0x00000000e7180000, 0x00000000eab00000)
  object space 640512K, 97% used [0x00000000c0000000,0x00000000e6337608,0x00000000e7180000)
 Metaspace       used 52573K, capacity 53140K, committed 53632K, reserved 1095680K
  class space    used 7031K, capacity 7167K, committed 7296K, reserved 1048576K
Event: 5714.604 GC heap after
Heap after GC invocations=218 (full 150):
 PSYoungGen      total 208896K, used 0K [0x00000000eab00000, 0x00000000fa680000, 0x0000000100000000)
  eden space 159232K, 0% used [0x00000000eab00000,0x00000000eab00000,0x00000000f4680000)
  from space 49664K, 0% used [0x00000000f7600000,0x00000000f7600000,0x00000000fa680000)
  to   space 48640K, 0% used [0x00000000f4680000,0x00000000f4680000,0x00000000f7600000)
 ParOldGen       total 594944K, used 282205K [0x00000000c0000000, 0x00000000e4500000, 0x00000000eab00000)
  object space 594944K, 47% used [0x00000000c0000000,0x00000000d1397560,0x00000000e4500000)
 Metaspace       used 52573K, capacity 53140K, committed 53632K, reserved 1095680K
  class space    used 7031K, capacity 7167K, committed 7296K, reserved 1048576K
}

