# JRE version: OpenJDK Runtime Environment (8.0_252-b09) (build 1.8.0_252-8u252-b09-1~18.04-b09)
# Java VM: OpenJDK 64-Bit Server VM (25.252-b09 mixed mode linux-amd64 compressed oops)
Heap:
 PSYoungGen      total 232960K, used 112K [0x00000000eab00000, 0x0000000100000000, 0x0000000100000000)
  eden space 116736K, 0% used [0x00000000eab00000,0x00000000eab1c310,0x00000000f1d00000)
  from space 116224K, 0% used [0x00000000f1d00000,0x00000000f1d00000,0x00000000f8e80000)
  to   space 116224K, 0% used [0x00000000f8e80000,0x00000000f8e80000,0x0000000100000000)
 ParOldGen       total 699392K, used 551630K [0x00000000c0000000, 0x00000000eab00000, 0x00000000eab00000)
  object space 699392K, 78% used [0x00000000c0000000,0x00000000e1ab3aa8,0x00000000eab00000)
 Metaspace       used 50395K, capacity 51096K, committed 51200K, reserved 1093632K
  class space    used 6901K, capacity 7075K, committed 7168K, reserved 1048576K
GC Heap History (10 events):
Event: 140.400 GC heap before
{Heap before GC invocations=25 (full 10):
 PSYoungGen      total 232960K, used 70377K [0x00000000eab00000, 0x0000000100000000, 0x0000000100000000)
  eden space 116736K, 60% used [0x00000000eab00000,0x00000000eefba788,0x00000000f1d00000)
  from space 116224K, 0% used [0x00000000f1d00000,0x00000000f1d00000,0x00000000f8e80000)
  to   space 116224K, 0% used [0x00000000f8e80000,0x00000000f8e80000,0x0000000100000000)
 ParOldGen       total 699392K, used 649917K [0x00000000c0000000, 0x00000000eab00000, 0x00000000eab00000)
  object space 699392K, 92% used [0x00000000c0000000,0x00000000e7aaf5e8,0x00000000eab00000)
 Metaspace       used 50123K, capacity 50766K, committed 50816K, reserved 1093632K
  class space    used 6874K, capacity 7036K, committed 7040K, reserved 1048576K
Event: 140.506 GC heap after
Heap after GC invocations=25 (full 10):
 PSYoungGen      total 232960K, used 0K [0x00000000eab00000, 0x0000000100000000, 0x0000000100000000)
  eden space 116736K, 0% used [0x00000000eab00000,0x00000000eab00000,0x00000000f1d00000)
  from space 116224K, 0% used [0x00000000f1d00000,0x00000000f1d00000,0x00000000f8e80000)
  to   space 116224K, 0% used [0x00000000f8e80000,0x00000000f8e80000,0x0000000100000000)
 ParOldGen       total 546816K, used 269594K [0x00000000c0000000, 0x00000000e1600000, 0x00000000eab00000)
  object space 546816K, 49% used [0x00000000c0000000,0x00000000d0746b40,0x00000000e1600000)
 Metaspace       used 50115K, capacity 50754K, committed 50816K, reserved 1093632K
  class space    used 6873K, capacity 7034K, committed 7040K, reserved 1048576K
}
Event: 140.763 GC heap before
{Heap before GC invocations=26 (full 10):
 PSYoungGen      total 232960K, used 116671K [0x00000000eab00000, 0x0000000100000000, 0x0000000100000000)
  eden space 116736K, 99% used [0x00000000eab00000,0x00000000f1cefff8,0x00000000f1d00000)
  from space 116224K, 0% used [0x00000000f1d00000,0x00000000f1d00000,0x00000000f8e80000)
  to   space 116224K, 0% used [0x00000000f8e80000,0x00000000f8e80000,0x0000000100000000)
 ParOldGen       total 687616K, used 551304K [0x00000000c0000000, 0x00000000e9f80000, 0x00000000eab00000)
  object space 687616K, 80% used [0x00000000c0000000,0x00000000e1a621e8,0x00000000e9f80000)
 Metaspace       used 50137K, capacity 50754K, committed 50816K, reserved 1093632K
  class space    used 6873K, capacity 7034K, committed 7040K, reserved 1048576K
Event: 140.851 GC heap after
Heap after GC invocations=26 (full 10):
 PSYoungGen      total 232960K, used 116211K [0x00000000eab00000, 0x0000000100000000, 0x0000000100000000)
  eden space 116736K, 0% used [0x00000000eab00000,0x00000000eab00000,0x00000000f1d00000)
  from space 116224K, 99% used [0x00000000f8e80000,0x00000000ffffcd80,0x0000000100000000)
  to   space 116224K, 0% used [0x00000000f1d00000,0x00000000f1d00000,0x00000000f8e80000)
 ParOldGen       total 687616K, used 636005K [0x00000000c0000000, 0x00000000e9f80000, 0x00000000eab00000)
  object space 687616K, 92% used [0x00000000c0000000,0x00000000e6d19448,0x00000000e9f80000)
 Metaspace       used 50137K, capacity 50754K, committed 50816K, reserved 1093632K
  class space    used 6873K, capacity 7034K, committed 7040K, reserved 1048576K
}
Event: 140.851 GC heap before
{Heap before GC invocations=27 (full 11):
 PSYoungGen      total 232960K, used 116211K [0x00000000eab00000, 0x0000000100000000, 0x0000000100000000)
  eden space 116736K, 0% used [0x00000000eab00000,0x00000000eab00000,0x00000000f1d00000)
  from space 116224K, 99% used [0x00000000f8e80000,0x00000000ffffcd80,0x0000000100000000)
  to   space 116224K, 0% used [0x00000000f1d00000,0x00000000f1d00000,0x00000000f8e80000)
 ParOldGen       total 687616K, used 636005K [0x00000000c0000000, 0x00000000e9f80000, 0x00000000eab00000)
  object space 687616K, 92% used [0x00000000c0000000,0x00000000e6d19448,0x00000000e9f80000)
 Metaspace       used 50137K, capacity 50754K, committed 50816K, reserved 1093632K
  class space    used 6873K, capacity 7034K, committed 7040K, reserved 1048576K
Event: 140.941 GC heap after
Heap after GC invocations=27 (full 11):
 PSYoungGen      total 232960K, used 0K [0x00000000eab00000, 0x0000000100000000, 0x0000000100000000)
  eden space 116736K, 0% used [0x00000000eab00000,0x00000000eab00000,0x00000000f1d00000)
  from space 116224K, 0% used [0x00000000f8e80000,0x00000000f8e80000,0x0000000100000000)
  to   space 116224K, 0% used [0x00000000f1d00000,0x00000000f1d00000,0x00000000f8e80000)
 ParOldGen       total 699392K, used 521375K [0x00000000c0000000, 0x00000000eab00000, 0x00000000eab00000)
  object space 699392K, 74% used [0x00000000c0000000,0x00000000dfd27ff0,0x00000000eab00000)
 Metaspace       used 50137K, capacity 50754K, committed 50816K, reserved 1093632K
  class space    used 6873K, capacity 7034K, committed 7040K, reserved 1048576K
}
Event: 143.687 GC heap before
{Heap before GC invocations=28 (full 11):
 PSYoungGen      total 232960K, used 116706K [0x00000000eab00000, 0x0000000100000000, 0x0000000100000000)
  eden space 116736K, 99% used [0x00000000eab00000,0x00000000f1cf8990,0x00000000f1d00000)
  from space 116224K, 0% used [0x00000000f8e80000,0x00000000f8e80000,0x0000000100000000)
  to   space 116224K, 0% used [0x00000000f1d00000,0x00000000f1d00000,0x00000000f8e80000)
 ParOldGen       total 699392K, used 521375K [0x00000000c0000000, 0x00000000eab00000, 0x00000000eab00000)
  object space 699392K, 74% used [0x00000000c0000000,0x00000000dfd27ff0,0x00000000eab00000)
 Metaspace       used 50145K, capacity 50754K, committed 50816K, reserved 1093632K
  class space    used 6873K, capacity 7034K, committed 7040K, reserved 1048576K
Event: 143.772 GC heap after
Heap after GC invocations=28 (full 11):
 PSYoungGen      total 232960K, used 116031K [0x00000000eab00000, 0x0000000100000000, 0x0000000100000000)
  eden space 116736K, 0% used [0x00000000eab00000,0x00000000eab00000,0x00000000f1d00000)
  from space 116224K, 99% used [0x00000000f1d00000,0x00000000f8e4fd80,0x00000000f8e80000)
  to   space 116224K, 0% used [0x00000000f8e80000,0x00000000f8e80000,0x0000000100000000)
 ParOldGen       total 699392K, used 521375K [0x00000000c0000000, 0x00000000eab00000, 0x00000000eab00000)
  object space 699392K, 74% used [0x00000000c0000000,0x00000000dfd27ff0,0x00000000eab00000)
 Metaspace       used 50145K, capacity 50754K, committed 50816K, reserved 1093632K
  class space    used 6873K, capacity 7034K, committed 7040K, reserved 1048576K
}
Event: 222.309 GC heap before
{Heap before GC invocations=29 (full 12):
 PSYoungGen      total 232960K, used 206996K [0x00000000eab00000, 0x0000000100000000, 0x0000000100000000)
  eden space 116736K, 77% used [0x00000000eab00000,0x00000000f03d5578,0x00000000f1d00000)
  from space 116224K, 99% used [0x00000000f1d00000,0x00000000f8e4fd80,0x00000000f8e80000)
  to   space 116224K, 0% used [0x00000000f8e80000,0x00000000f8e80000,0x0000000100000000)
 ParOldGen       total 699392K, used 662574K [0x00000000c0000000, 0x00000000eab00000, 0x00000000eab00000)
  object space 699392K, 94% used [0x00000000c0000000,0x00000000e870ba70,0x00000000eab00000)
 Metaspace       used 50397K, capacity 51108K, committed 51200K, reserved 1093632K
  class space    used 6902K, capacity 7077K, committed 7168K, reserved 1048576K
Event: 222.693 GC heap after
Heap after GC invocations=29 (full 12):
 PSYoungGen      total 232960K, used 0K [0x00000000eab00000, 0x0000000100000000, 0x0000000100000000)
  eden space 116736K, 0% used [0x00000000eab00000,0x00000000eab00000,0x00000000f1d00000)
  from space 116224K, 0% used [0x00000000f1d00000,0x00000000f1d00000,0x00000000f8e80000)
  to   space 116224K, 0% used [0x00000000f8e80000,0x00000000f8e80000,0x0000000100000000)
 ParOldGen       total 699392K, used 410432K [0x00000000c0000000, 0x00000000eab00000, 0x00000000eab00000)
  object space 699392K, 58% used [0x00000000c0000000,0x00000000d90d0028,0x00000000eab00000)
 Metaspace       used 50390K, capacity 51096K, committed 51200K, reserved 1093632K
  class space    used 6901K, capacity 7075K, committed 7168K, reserved 1048576K
}

